<?xml version="1.0" encoding="UTF-8"?>
<testsuite xmlns:xsi="http://www.w3.org/2001/XMLSchema-instance" xsi:noNamespaceSchemaLocation="https://maven.apache.org/surefire/maven-surefire-plugin/xsd/surefire-test-report.xsd" name="com.example.restservice.GreetingControllerTests" time="1.421" tests="2" errors="0" skipped="0" failures="0">
  <properties>
    <property name="java.specification.version" value="17"/>
    <property name="sun.jnu.encoding" value="UTF-8"/>
    <property name="java.class.path" value="/home/mdigiacomi/GitHub/SecretsManager-demo/target/test-classes:/home/mdigiacomi/GitHub/SecretsManager-demo/target/classes:/home/mdigiacomi/.m2/repository/org/springframework/boot/spring-boot-starter-web/2.7.1/spring-boot-starter-web-2.7.1.jar:/home/mdigiacomi/.m2/repository/org/springframework/boot/spring-boot-starter/2.7.1/spring-boot-starter-2.7.1.jar:/home/mdigiacomi/.m2/repository/org/springframework/boot/spring-boot/2.7.1/spring-boot-2.7.1.jar:/home/mdigiacomi/.m2/repository/org/springframework/boot/spring-boot-autoconfigure/2.7.1/spring-boot-autoconfigure-2.7.1.jar:/home/mdigiacomi/.m2/repository/org/springframework/boot/spring-boot-starter-logging/2.7.1/spring-boot-starter-logging-2.7.1.jar:/home/mdigiacomi/.m2/repository/ch/qos/logback/logback-classic/1.2.11/logback-classic-1.2.11.jar:/home/mdigiacomi/.m2/repository/ch/qos/logback/logback-core/1.2.11/logback-core-1.2.11.jar:/home/mdigiacomi/.m2/repository/org/apache/logging/log4j/log4j-to-slf4j/2.17.2/log4j-to-slf4j-2.17.2.jar:/home/mdigiacomi/.m2/repository/org/apache/logging/log4j/log4j-api/2.17.2/log4j-api-2.17.2.jar:/home/mdigiacomi/.m2/repository/org/slf4j/jul-to-slf4j/1.7.36/jul-to-slf4j-1.7.36.jar:/home/mdigiacomi/.m2/repository/jakarta/annotation/jakarta.annotation-api/1.3.5/jakarta.annotation-api-1.3.5.jar:/home/mdigiacomi/.m2/repository/org/yaml/snakeyaml/1.30/snakeyaml-1.30.jar:/home/mdigiacomi/.m2/repository/org/springframework/boot/spring-boot-starter-json/2.7.1/spring-boot-starter-json-2.7.1.jar:/home/mdigiacomi/.m2/repository/com/fasterxml/jackson/core/jackson-databind/2.13.3/jackson-databind-2.13.3.jar:/home/mdigiacomi/.m2/repository/com/fasterxml/jackson/core/jackson-annotations/2.13.3/jackson-annotations-2.13.3.jar:/home/mdigiacomi/.m2/repository/com/fasterxml/jackson/core/jackson-core/2.13.3/jackson-core-2.13.3.jar:/home/mdigiacomi/.m2/repository/com/fasterxml/jackson/datatype/jackson-datatype-jdk8/2.13.3/jackson-datatype-jdk8-2.13.3.jar:/home/mdigiacomi/.m2/repository/com/fasterxml/jackson/datatype/jackson-datatype-jsr310/2.13.3/jackson-datatype-jsr310-2.13.3.jar:/home/mdigiacomi/.m2/repository/com/fasterxml/jackson/module/jackson-module-parameter-names/2.13.3/jackson-module-parameter-names-2.13.3.jar:/home/mdigiacomi/.m2/repository/org/springframework/boot/spring-boot-starter-tomcat/2.7.1/spring-boot-starter-tomcat-2.7.1.jar:/home/mdigiacomi/.m2/repository/org/apache/tomcat/embed/tomcat-embed-core/9.0.64/tomcat-embed-core-9.0.64.jar:/home/mdigiacomi/.m2/repository/org/apache/tomcat/embed/tomcat-embed-el/9.0.64/tomcat-embed-el-9.0.64.jar:/home/mdigiacomi/.m2/repository/org/apache/tomcat/embed/tomcat-embed-websocket/9.0.64/tomcat-embed-websocket-9.0.64.jar:/home/mdigiacomi/.m2/repository/org/springframework/spring-web/5.3.21/spring-web-5.3.21.jar:/home/mdigiacomi/.m2/repository/org/springframework/spring-beans/5.3.21/spring-beans-5.3.21.jar:/home/mdigiacomi/.m2/repository/org/springframework/spring-webmvc/5.3.21/spring-webmvc-5.3.21.jar:/home/mdigiacomi/.m2/repository/org/springframework/spring-aop/5.3.21/spring-aop-5.3.21.jar:/home/mdigiacomi/.m2/repository/org/springframework/spring-context/5.3.21/spring-context-5.3.21.jar:/home/mdigiacomi/.m2/repository/org/springframework/spring-expression/5.3.21/spring-expression-5.3.21.jar:/home/mdigiacomi/.m2/repository/org/springframework/boot/spring-boot-starter-test/2.7.1/spring-boot-starter-test-2.7.1.jar:/home/mdigiacomi/.m2/repository/org/springframework/boot/spring-boot-test/2.7.1/spring-boot-test-2.7.1.jar:/home/mdigiacomi/.m2/repository/org/springframework/boot/spring-boot-test-autoconfigure/2.7.1/spring-boot-test-autoconfigure-2.7.1.jar:/home/mdigiacomi/.m2/repository/com/jayway/jsonpath/json-path/2.7.0/json-path-2.7.0.jar:/home/mdigiacomi/.m2/repository/net/minidev/json-smart/2.4.8/json-smart-2.4.8.jar:/home/mdigiacomi/.m2/repository/net/minidev/accessors-smart/2.4.8/accessors-smart-2.4.8.jar:/home/mdigiacomi/.m2/repository/org/ow2/asm/asm/9.1/asm-9.1.jar:/home/mdigiacomi/.m2/repository/org/slf4j/slf4j-api/1.7.36/slf4j-api-1.7.36.jar:/home/mdigiacomi/.m2/repository/jakarta/xml/bind/jakarta.xml.bind-api/2.3.3/jakarta.xml.bind-api-2.3.3.jar:/home/mdigiacomi/.m2/repository/jakarta/activation/jakarta.activation-api/1.2.2/jakarta.activation-api-1.2.2.jar:/home/mdigiacomi/.m2/repository/org/assertj/assertj-core/3.22.0/assertj-core-3.22.0.jar:/home/mdigiacomi/.m2/repository/org/hamcrest/hamcrest/2.2/hamcrest-2.2.jar:/home/mdigiacomi/.m2/repository/org/junit/jupiter/junit-jupiter/5.8.2/junit-jupiter-5.8.2.jar:/home/mdigiacomi/.m2/repository/org/junit/jupiter/junit-jupiter-params/5.8.2/junit-jupiter-params-5.8.2.jar:/home/mdigiacomi/.m2/repository/org/mockito/mockito-core/4.5.1/mockito-core-4.5.1.jar:/home/mdigiacomi/.m2/repository/net/bytebuddy/byte-buddy/1.12.11/byte-buddy-1.12.11.jar:/home/mdigiacomi/.m2/repository/net/bytebuddy/byte-buddy-agent/1.12.11/byte-buddy-agent-1.12.11.jar:/home/mdigiacomi/.m2/repository/org/objenesis/objenesis/3.2/objenesis-3.2.jar:/home/mdigiacomi/.m2/repository/org/mockito/mockito-junit-jupiter/4.5.1/mockito-junit-jupiter-4.5.1.jar:/home/mdigiacomi/.m2/repository/org/skyscreamer/jsonassert/1.5.0/jsonassert-1.5.0.jar:/home/mdigiacomi/.m2/repository/com/vaadin/external/google/android-json/0.0.20131108.vaadin1/android-json-0.0.20131108.vaadin1.jar:/home/mdigiacomi/.m2/repository/org/springframework/spring-core/5.3.21/spring-core-5.3.21.jar:/home/mdigiacomi/.m2/repository/org/springframework/spring-jcl/5.3.21/spring-jcl-5.3.21.jar:/home/mdigiacomi/.m2/repository/org/springframework/spring-test/5.3.21/spring-test-5.3.21.jar:/home/mdigiacomi/.m2/repository/org/xmlunit/xmlunit-core/2.9.0/xmlunit-core-2.9.0.jar:/home/mdigiacomi/.m2/repository/org/junit/jupiter/junit-jupiter-api/5.8.2/junit-jupiter-api-5.8.2.jar:/home/mdigiacomi/.m2/repository/org/opentest4j/opentest4j/1.2.0/opentest4j-1.2.0.jar:/home/mdigiacomi/.m2/repository/org/apiguardian/apiguardian-api/1.1.2/apiguardian-api-1.1.2.jar:/home/mdigiacomi/.m2/repository/org/junit/jupiter/junit-jupiter-engine/5.8.2/junit-jupiter-engine-5.8.2.jar:/home/mdigiacomi/.m2/repository/org/junit/platform/junit-platform-engine/1.8.2/junit-platform-engine-1.8.2.jar:/home/mdigiacomi/.m2/repository/org/junit/platform/junit-platform-commons/1.8.2/junit-platform-commons-1.8.2.jar:/home/mdigiacomi/.m2/repository/org/junit/platform/junit-platform-launcher/1.8.2/junit-platform-launcher-1.8.2.jar:/home/mdigiacomi/.m2/repository/software/amazon/awssdk/secretsmanager/2.17.136/secretsmanager-2.17.136.jar:/home/mdigiacomi/.m2/repository/software/amazon/awssdk/aws-json-protocol/2.17.136/aws-json-protocol-2.17.136.jar:/home/mdigiacomi/.m2/repository/software/amazon/awssdk/third-party-jackson-core/2.17.136/third-party-jackson-core-2.17.136.jar:/home/mdigiacomi/.m2/repository/software/amazon/awssdk/json-utils/2.17.136/json-utils-2.17.136.jar:/home/mdigiacomi/.m2/repository/software/amazon/awssdk/protocol-core/2.17.136/protocol-core-2.17.136.jar:/home/mdigiacomi/.m2/repository/software/amazon/awssdk/sdk-core/2.17.136/sdk-core-2.17.136.jar:/home/mdigiacomi/.m2/repository/org/reactivestreams/reactive-streams/1.0.4/reactive-streams-1.0.4.jar:/home/mdigiacomi/.m2/repository/software/amazon/awssdk/auth/2.17.136/auth-2.17.136.jar:/home/mdigiacomi/.m2/repository/software/amazon/eventstream/eventstream/1.0.1/eventstream-1.0.1.jar:/home/mdigiacomi/.m2/repository/software/amazon/awssdk/http-client-spi/2.17.136/http-client-spi-2.17.136.jar:/home/mdigiacomi/.m2/repository/software/amazon/awssdk/regions/2.17.136/regions-2.17.136.jar:/home/mdigiacomi/.m2/repository/software/amazon/awssdk/annotations/2.17.136/annotations-2.17.136.jar:/home/mdigiacomi/.m2/repository/software/amazon/awssdk/utils/2.17.136/utils-2.17.136.jar:/home/mdigiacomi/.m2/repository/software/amazon/awssdk/aws-core/2.17.136/aws-core-2.17.136.jar:/home/mdigiacomi/.m2/repository/software/amazon/awssdk/metrics-spi/2.17.136/metrics-spi-2.17.136.jar:/home/mdigiacomi/.m2/repository/software/amazon/awssdk/apache-client/2.17.136/apache-client-2.17.136.jar:/home/mdigiacomi/.m2/repository/org/apache/httpcomponents/httpclient/4.5.13/httpclient-4.5.13.jar:/home/mdigiacomi/.m2/repository/commons-codec/commons-codec/1.15/commons-codec-1.15.jar:/home/mdigiacomi/.m2/repository/org/apache/httpcomponents/httpcore/4.4.15/httpcore-4.4.15.jar:/home/mdigiacomi/.m2/repository/software/amazon/awssdk/netty-nio-client/2.17.136/netty-nio-client-2.17.136.jar:/home/mdigiacomi/.m2/repository/io/netty/netty-codec-http/4.1.78.Final/netty-codec-http-4.1.78.Final.jar:/home/mdigiacomi/.m2/repository/io/netty/netty-codec-http2/4.1.78.Final/netty-codec-http2-4.1.78.Final.jar:/home/mdigiacomi/.m2/repository/io/netty/netty-codec/4.1.78.Final/netty-codec-4.1.78.Final.jar:/home/mdigiacomi/.m2/repository/io/netty/netty-transport/4.1.78.Final/netty-transport-4.1.78.Final.jar:/home/mdigiacomi/.m2/repository/io/netty/netty-resolver/4.1.78.Final/netty-resolver-4.1.78.Final.jar:/home/mdigiacomi/.m2/repository/io/netty/netty-common/4.1.78.Final/netty-common-4.1.78.Final.jar:/home/mdigiacomi/.m2/repository/io/netty/netty-buffer/4.1.78.Final/netty-buffer-4.1.78.Final.jar:/home/mdigiacomi/.m2/repository/io/netty/netty-handler/4.1.78.Final/netty-handler-4.1.78.Final.jar:/home/mdigiacomi/.m2/repository/io/netty/netty-transport-native-unix-common/4.1.78.Final/netty-transport-native-unix-common-4.1.78.Final.jar:/home/mdigiacomi/.m2/repository/io/netty/netty-transport-classes-epoll/4.1.78.Final/netty-transport-classes-epoll-4.1.78.Final.jar:/home/mdigiacomi/.m2/repository/com/typesafe/netty/netty-reactive-streams-http/2.0.5/netty-reactive-streams-http-2.0.5.jar:/home/mdigiacomi/.m2/repository/com/typesafe/netty/netty-reactive-streams/2.0.5/netty-reactive-streams-2.0.5.jar:/home/mdigiacomi/.m2/repository/software/amazon/awssdk/sts/2.17.136/sts-2.17.136.jar:/home/mdigiacomi/.m2/repository/software/amazon/awssdk/aws-query-protocol/2.17.136/aws-query-protocol-2.17.136.jar:/home/mdigiacomi/.m2/repository/software/amazon/awssdk/profiles/2.17.136/profiles-2.17.136.jar:"/>
    <property name="java.vm.vendor" value="Amazon.com Inc."/>
    <property name="sun.arch.data.model" value="64"/>
    <property name="java.vendor.url" value="https://aws.amazon.com/corretto/"/>
    <property name="os.name" value="Linux"/>
    <property name="java.vm.specification.version" value="17"/>
    <property name="sun.java.launcher" value="SUN_STANDARD"/>
    <property name="user.country" value="CA"/>
    <property name="sun.boot.library.path" value="/usr/lib/jvm/java-17-amazon-corretto/lib"/>
    <property name="sun.java.command" value="/home/mdigiacomi/GitHub/SecretsManager-demo/target/surefire/surefirebooter187552967669164328.jar /home/mdigiacomi/GitHub/SecretsManager-demo/target/surefire 2022-07-14T21-26-18_053-jvmRun1 surefire10198833200911656368tmp surefire_016298203272703204705tmp"/>
    <property name="jdk.debug" value="release"/>
    <property name="surefire.test.class.path" value="/home/mdigiacomi/GitHub/SecretsManager-demo/target/test-classes:/home/mdigiacomi/GitHub/SecretsManager-demo/target/classes:/home/mdigiacomi/.m2/repository/org/springframework/boot/spring-boot-starter-web/2.7.1/spring-boot-starter-web-2.7.1.jar:/home/mdigiacomi/.m2/repository/org/springframework/boot/spring-boot-starter/2.7.1/spring-boot-starter-2.7.1.jar:/home/mdigiacomi/.m2/repository/org/springframework/boot/spring-boot/2.7.1/spring-boot-2.7.1.jar:/home/mdigiacomi/.m2/repository/org/springframework/boot/spring-boot-autoconfigure/2.7.1/spring-boot-autoconfigure-2.7.1.jar:/home/mdigiacomi/.m2/repository/org/springframework/boot/spring-boot-starter-logging/2.7.1/spring-boot-starter-logging-2.7.1.jar:/home/mdigiacomi/.m2/repository/ch/qos/logback/logback-classic/1.2.11/logback-classic-1.2.11.jar:/home/mdigiacomi/.m2/repository/ch/qos/logback/logback-core/1.2.11/logback-core-1.2.11.jar:/home/mdigiacomi/.m2/repository/org/apache/logging/log4j/log4j-to-slf4j/2.17.2/log4j-to-slf4j-2.17.2.jar:/home/mdigiacomi/.m2/repository/org/apache/logging/log4j/log4j-api/2.17.2/log4j-api-2.17.2.jar:/home/mdigiacomi/.m2/repository/org/slf4j/jul-to-slf4j/1.7.36/jul-to-slf4j-1.7.36.jar:/home/mdigiacomi/.m2/repository/jakarta/annotation/jakarta.annotation-api/1.3.5/jakarta.annotation-api-1.3.5.jar:/home/mdigiacomi/.m2/repository/org/yaml/snakeyaml/1.30/snakeyaml-1.30.jar:/home/mdigiacomi/.m2/repository/org/springframework/boot/spring-boot-starter-json/2.7.1/spring-boot-starter-json-2.7.1.jar:/home/mdigiacomi/.m2/repository/com/fasterxml/jackson/core/jackson-databind/2.13.3/jackson-databind-2.13.3.jar:/home/mdigiacomi/.m2/repository/com/fasterxml/jackson/core/jackson-annotations/2.13.3/jackson-annotations-2.13.3.jar:/home/mdigiacomi/.m2/repository/com/fasterxml/jackson/core/jackson-core/2.13.3/jackson-core-2.13.3.jar:/home/mdigiacomi/.m2/repository/com/fasterxml/jackson/datatype/jackson-datatype-jdk8/2.13.3/jackson-datatype-jdk8-2.13.3.jar:/home/mdigiacomi/.m2/repository/com/fasterxml/jackson/datatype/jackson-datatype-jsr310/2.13.3/jackson-datatype-jsr310-2.13.3.jar:/home/mdigiacomi/.m2/repository/com/fasterxml/jackson/module/jackson-module-parameter-names/2.13.3/jackson-module-parameter-names-2.13.3.jar:/home/mdigiacomi/.m2/repository/org/springframework/boot/spring-boot-starter-tomcat/2.7.1/spring-boot-starter-tomcat-2.7.1.jar:/home/mdigiacomi/.m2/repository/org/apache/tomcat/embed/tomcat-embed-core/9.0.64/tomcat-embed-core-9.0.64.jar:/home/mdigiacomi/.m2/repository/org/apache/tomcat/embed/tomcat-embed-el/9.0.64/tomcat-embed-el-9.0.64.jar:/home/mdigiacomi/.m2/repository/org/apache/tomcat/embed/tomcat-embed-websocket/9.0.64/tomcat-embed-websocket-9.0.64.jar:/home/mdigiacomi/.m2/repository/org/springframework/spring-web/5.3.21/spring-web-5.3.21.jar:/home/mdigiacomi/.m2/repository/org/springframework/spring-beans/5.3.21/spring-beans-5.3.21.jar:/home/mdigiacomi/.m2/repository/org/springframework/spring-webmvc/5.3.21/spring-webmvc-5.3.21.jar:/home/mdigiacomi/.m2/repository/org/springframework/spring-aop/5.3.21/spring-aop-5.3.21.jar:/home/mdigiacomi/.m2/repository/org/springframework/spring-context/5.3.21/spring-context-5.3.21.jar:/home/mdigiacomi/.m2/repository/org/springframework/spring-expression/5.3.21/spring-expression-5.3.21.jar:/home/mdigiacomi/.m2/repository/org/springframework/boot/spring-boot-starter-test/2.7.1/spring-boot-starter-test-2.7.1.jar:/home/mdigiacomi/.m2/repository/org/springframework/boot/spring-boot-test/2.7.1/spring-boot-test-2.7.1.jar:/home/mdigiacomi/.m2/repository/org/springframework/boot/spring-boot-test-autoconfigure/2.7.1/spring-boot-test-autoconfigure-2.7.1.jar:/home/mdigiacomi/.m2/repository/com/jayway/jsonpath/json-path/2.7.0/json-path-2.7.0.jar:/home/mdigiacomi/.m2/repository/net/minidev/json-smart/2.4.8/json-smart-2.4.8.jar:/home/mdigiacomi/.m2/repository/net/minidev/accessors-smart/2.4.8/accessors-smart-2.4.8.jar:/home/mdigiacomi/.m2/repository/org/ow2/asm/asm/9.1/asm-9.1.jar:/home/mdigiacomi/.m2/repository/org/slf4j/slf4j-api/1.7.36/slf4j-api-1.7.36.jar:/home/mdigiacomi/.m2/repository/jakarta/xml/bind/jakarta.xml.bind-api/2.3.3/jakarta.xml.bind-api-2.3.3.jar:/home/mdigiacomi/.m2/repository/jakarta/activation/jakarta.activation-api/1.2.2/jakarta.activation-api-1.2.2.jar:/home/mdigiacomi/.m2/repository/org/assertj/assertj-core/3.22.0/assertj-core-3.22.0.jar:/home/mdigiacomi/.m2/repository/org/hamcrest/hamcrest/2.2/hamcrest-2.2.jar:/home/mdigiacomi/.m2/repository/org/junit/jupiter/junit-jupiter/5.8.2/junit-jupiter-5.8.2.jar:/home/mdigiacomi/.m2/repository/org/junit/jupiter/junit-jupiter-params/5.8.2/junit-jupiter-params-5.8.2.jar:/home/mdigiacomi/.m2/repository/org/mockito/mockito-core/4.5.1/mockito-core-4.5.1.jar:/home/mdigiacomi/.m2/repository/net/bytebuddy/byte-buddy/1.12.11/byte-buddy-1.12.11.jar:/home/mdigiacomi/.m2/repository/net/bytebuddy/byte-buddy-agent/1.12.11/byte-buddy-agent-1.12.11.jar:/home/mdigiacomi/.m2/repository/org/objenesis/objenesis/3.2/objenesis-3.2.jar:/home/mdigiacomi/.m2/repository/org/mockito/mockito-junit-jupiter/4.5.1/mockito-junit-jupiter-4.5.1.jar:/home/mdigiacomi/.m2/repository/org/skyscreamer/jsonassert/1.5.0/jsonassert-1.5.0.jar:/home/mdigiacomi/.m2/repository/com/vaadin/external/google/android-json/0.0.20131108.vaadin1/android-json-0.0.20131108.vaadin1.jar:/home/mdigiacomi/.m2/repository/org/springframework/spring-core/5.3.21/spring-core-5.3.21.jar:/home/mdigiacomi/.m2/repository/org/springframework/spring-jcl/5.3.21/spring-jcl-5.3.21.jar:/home/mdigiacomi/.m2/repository/org/springframework/spring-test/5.3.21/spring-test-5.3.21.jar:/home/mdigiacomi/.m2/repository/org/xmlunit/xmlunit-core/2.9.0/xmlunit-core-2.9.0.jar:/home/mdigiacomi/.m2/repository/org/junit/jupiter/junit-jupiter-api/5.8.2/junit-jupiter-api-5.8.2.jar:/home/mdigiacomi/.m2/repository/org/opentest4j/opentest4j/1.2.0/opentest4j-1.2.0.jar:/home/mdigiacomi/.m2/repository/org/apiguardian/apiguardian-api/1.1.2/apiguardian-api-1.1.2.jar:/home/mdigiacomi/.m2/repository/org/junit/jupiter/junit-jupiter-engine/5.8.2/junit-jupiter-engine-5.8.2.jar:/home/mdigiacomi/.m2/repository/org/junit/platform/junit-platform-engine/1.8.2/junit-platform-engine-1.8.2.jar:/home/mdigiacomi/.m2/repository/org/junit/platform/junit-platform-commons/1.8.2/junit-platform-commons-1.8.2.jar:/home/mdigiacomi/.m2/repository/org/junit/platform/junit-platform-launcher/1.8.2/junit-platform-launcher-1.8.2.jar:/home/mdigiacomi/.m2/repository/software/amazon/awssdk/secretsmanager/2.17.136/secretsmanager-2.17.136.jar:/home/mdigiacomi/.m2/repository/software/amazon/awssdk/aws-json-protocol/2.17.136/aws-json-protocol-2.17.136.jar:/home/mdigiacomi/.m2/repository/software/amazon/awssdk/third-party-jackson-core/2.17.136/third-party-jackson-core-2.17.136.jar:/home/mdigiacomi/.m2/repository/software/amazon/awssdk/json-utils/2.17.136/json-utils-2.17.136.jar:/home/mdigiacomi/.m2/repository/software/amazon/awssdk/protocol-core/2.17.136/protocol-core-2.17.136.jar:/home/mdigiacomi/.m2/repository/software/amazon/awssdk/sdk-core/2.17.136/sdk-core-2.17.136.jar:/home/mdigiacomi/.m2/repository/org/reactivestreams/reactive-streams/1.0.4/reactive-streams-1.0.4.jar:/home/mdigiacomi/.m2/repository/software/amazon/awssdk/auth/2.17.136/auth-2.17.136.jar:/home/mdigiacomi/.m2/repository/software/amazon/eventstream/eventstream/1.0.1/eventstream-1.0.1.jar:/home/mdigiacomi/.m2/repository/software/amazon/awssdk/http-client-spi/2.17.136/http-client-spi-2.17.136.jar:/home/mdigiacomi/.m2/repository/software/amazon/awssdk/regions/2.17.136/regions-2.17.136.jar:/home/mdigiacomi/.m2/repository/software/amazon/awssdk/annotations/2.17.136/annotations-2.17.136.jar:/home/mdigiacomi/.m2/repository/software/amazon/awssdk/utils/2.17.136/utils-2.17.136.jar:/home/mdigiacomi/.m2/repository/software/amazon/awssdk/aws-core/2.17.136/aws-core-2.17.136.jar:/home/mdigiacomi/.m2/repository/software/amazon/awssdk/metrics-spi/2.17.136/metrics-spi-2.17.136.jar:/home/mdigiacomi/.m2/repository/software/amazon/awssdk/apache-client/2.17.136/apache-client-2.17.136.jar:/home/mdigiacomi/.m2/repository/org/apache/httpcomponents/httpclient/4.5.13/httpclient-4.5.13.jar:/home/mdigiacomi/.m2/repository/commons-codec/commons-codec/1.15/commons-codec-1.15.jar:/home/mdigiacomi/.m2/repository/org/apache/httpcomponents/httpcore/4.4.15/httpcore-4.4.15.jar:/home/mdigiacomi/.m2/repository/software/amazon/awssdk/netty-nio-client/2.17.136/netty-nio-client-2.17.136.jar:/home/mdigiacomi/.m2/repository/io/netty/netty-codec-http/4.1.78.Final/netty-codec-http-4.1.78.Final.jar:/home/mdigiacomi/.m2/repository/io/netty/netty-codec-http2/4.1.78.Final/netty-codec-http2-4.1.78.Final.jar:/home/mdigiacomi/.m2/repository/io/netty/netty-codec/4.1.78.Final/netty-codec-4.1.78.Final.jar:/home/mdigiacomi/.m2/repository/io/netty/netty-transport/4.1.78.Final/netty-transport-4.1.78.Final.jar:/home/mdigiacomi/.m2/repository/io/netty/netty-resolver/4.1.78.Final/netty-resolver-4.1.78.Final.jar:/home/mdigiacomi/.m2/repository/io/netty/netty-common/4.1.78.Final/netty-common-4.1.78.Final.jar:/home/mdigiacomi/.m2/repository/io/netty/netty-buffer/4.1.78.Final/netty-buffer-4.1.78.Final.jar:/home/mdigiacomi/.m2/repository/io/netty/netty-handler/4.1.78.Final/netty-handler-4.1.78.Final.jar:/home/mdigiacomi/.m2/repository/io/netty/netty-transport-native-unix-common/4.1.78.Final/netty-transport-native-unix-common-4.1.78.Final.jar:/home/mdigiacomi/.m2/repository/io/netty/netty-transport-classes-epoll/4.1.78.Final/netty-transport-classes-epoll-4.1.78.Final.jar:/home/mdigiacomi/.m2/repository/com/typesafe/netty/netty-reactive-streams-http/2.0.5/netty-reactive-streams-http-2.0.5.jar:/home/mdigiacomi/.m2/repository/com/typesafe/netty/netty-reactive-streams/2.0.5/netty-reactive-streams-2.0.5.jar:/home/mdigiacomi/.m2/repository/software/amazon/awssdk/sts/2.17.136/sts-2.17.136.jar:/home/mdigiacomi/.m2/repository/software/amazon/awssdk/aws-query-protocol/2.17.136/aws-query-protocol-2.17.136.jar:/home/mdigiacomi/.m2/repository/software/amazon/awssdk/profiles/2.17.136/profiles-2.17.136.jar:"/>
    <property name="sun.cpu.endian" value="little"/>
    <property name="user.home" value="/home/mdigiacomi"/>
    <property name="user.language" value="en"/>
    <property name="java.specification.vendor" value="Oracle Corporation"/>
    <property name="java.version.date" value="2022-04-19"/>
    <property name="java.home" value="/usr/lib/jvm/java-17-amazon-corretto"/>
    <property name="file.separator" value="/"/>
    <property name="basedir" value="/home/mdigiacomi/GitHub/SecretsManager-demo"/>
    <property name="java.vm.compressedOopsMode" value="Zero based"/>
    <property name="line.separator" value="&#10;"/>
    <property name="java.vm.specification.vendor" value="Oracle Corporation"/>
    <property name="java.specification.name" value="Java Platform API Specification"/>
    <property name="surefire.real.class.path" value="/home/mdigiacomi/GitHub/SecretsManager-demo/target/surefire/surefirebooter187552967669164328.jar"/>
    <property name="sun.management.compiler" value="HotSpot 64-Bit Tiered Compilers"/>
    <property name="java.runtime.version" value="17.0.3+6-LTS"/>
    <property name="user.name" value="mdigiacomi"/>
    <property name="path.separator" value=":"/>
    <property name="os.version" value="5.15.0-41-generic"/>
    <property name="java.runtime.name" value="OpenJDK Runtime Environment"/>
    <property name="file.encoding" value="UTF-8"/>
    <property name="java.vm.name" value="OpenJDK 64-Bit Server VM"/>
    <property name="java.vendor.version" value="Corretto-17.0.3.6.1"/>
    <property name="localRepository" value="/home/mdigiacomi/.m2/repository"/>
    <property name="java.vendor.url.bug" value="https://github.com/corretto/corretto-17/issues/"/>
    <property name="java.io.tmpdir" value="/tmp"/>
    <property name="java.version" value="17.0.3"/>
    <property name="user.dir" value="/home/mdigiacomi/GitHub/SecretsManager-demo"/>
    <property name="os.arch" value="amd64"/>
    <property name="java.vm.specification.name" value="Java Virtual Machine Specification"/>
    <property name="native.encoding" value="UTF-8"/>
    <property name="java.library.path" value="/usr/java/packages/lib:/usr/lib64:/lib64:/lib:/usr/lib"/>
    <property name="java.vm.info" value="mixed mode, sharing"/>
    <property name="java.vendor" value="Amazon.com Inc."/>
    <property name="java.vm.version" value="17.0.3+6-LTS"/>
    <property name="sun.io.unicode.encoding" value="UnicodeLittle"/>
    <property name="java.class.version" value="61.0"/>
  </properties>
  <testcase name="noParamGreetingShouldReturnDefaultMessage" classname="com.example.restservice.GreetingControllerTests" time="0.291"/>
  <testcase name="paramGreetingShouldReturnTailoredMessage" classname="com.example.restservice.GreetingControllerTests" time="0.005"/>
</testsuite>